#
# There is insufficient memory for the Java Runtime Environment to continue.
# Native memory allocation (malloc) failed to allocate 2097152 bytes for AllocateHeap
# Possible reasons:
#   The system is out of physical RAM or swap space
#   The process is running with CompressedOops enabled, and the Java Heap may be blocking the growth of the native heap
# Possible solutions:
#   Reduce memory load on the system
#   Increase physical memory or swap space
#   Check if swap backing store is full
#   Decrease Java heap size (-Xmx/-Xms)
#   Decrease number of Java threads
#   Decrease Java thread stack sizes (-Xss)
#   Set larger code cache with -XX:ReservedCodeCacheSize=
#   JVM is running with Unscaled Compressed Oops mode in which the Java heap is
#     placed in the first 4GB address space. The Java Heap base address is the
#     maximum limit for the native heap growth. Please use -XX:HeapBaseMinAddress
#     to set the Java Heap base and to place the Java Heap above 4GB virtual address.
# This output file may be truncated or incomplete.
#
#  Out of Memory Error (allocation.cpp:44), pid=2076, tid=7000
#
# JRE version: OpenJDK Runtime Environment Temurin-17.0.2+8 (17.0.2+8) (build 17.0.2+8)
# Java VM: OpenJDK 64-Bit Server VM Temurin-17.0.2+8 (17.0.2+8, mixed mode, emulated-client, tiered, compressed oops, compressed class ptrs, g1 gc, windows-amd64)
# No core dump will be written. Minidumps are not enabled by default on client versions of Windows
#

---------------  S U M M A R Y ------------

Command Line: -Dsts.lsp.client=vscode -Dsts.log.file=/dev/null -XX:TieredStopAtLevel=1 -Dspring.config.location=file:c:\Users\Administrator\.vscode\extensions\pivotal.vscode-spring-boot-1.33.0\language-server\BOOT-INF\classes\application.properties org.springframework.ide.vscode.boot.app.BootLanguageServerBootApp

Host: Intel(R) Core(TM) i3-7020U CPU @ 2.30GHz, 4 cores, 3G,  Windows 11 , 64 bit Build 22000 (10.0.22000.318)
Time: Fri Jun  3 23:43:06 2022 SE Asia Standard Time elapsed time: 367.540691 seconds (0d 0h 6m 7s)

---------------  T H R E A D  ---------------

Current thread (0x0000023ddfb2d840):  VMThread "VM Thread" [stack: 0x0000007a89400000,0x0000007a89500000] [id=7000]

Stack: [0x0000007a89400000,0x0000007a89500000]
Native frames: (J=compiled Java code, j=interpreted, Vv=VM code, C=native code)
V  [jvm.dll+0x67564a]
V  [jvm.dll+0x82fc04]
V  [jvm.dll+0x8313ae]
V  [jvm.dll+0x831a13]
V  [jvm.dll+0x245235]
V  [jvm.dll+0xa6393]
V  [jvm.dll+0x2f52c1]
V  [jvm.dll+0x2f0f70]
V  [jvm.dll+0x2d96c7]
V  [jvm.dll+0x31c6b7]
V  [jvm.dll+0x835ebb]
V  [jvm.dll+0x836bf4]
V  [jvm.dll+0x83710c]
V  [jvm.dll+0x8374e4]
V  [jvm.dll+0x8375b0]
V  [jvm.dll+0x7dff2a]
V  [jvm.dll+0x6744d5]
C  [ucrtbase.dll+0x26c0c]
C  [KERNEL32.DLL+0x154e0]
C  [ntdll.dll+0x485b]

VM_Operation (0x0000007a8a4fedc0): G1CollectFull, mode: safepoint, requested by thread 0x0000023deafe0040


---------------  P R O C E S S  ---------------

Threads class SMR info:
_java_thread_list=0x0000023ded30f3f0, length=18, elements={
0x0000023de9e94380, 0x0000023de9e94f00, 0x0000023de9ed3130, 0x0000023de9ed4b60,
0x0000023de9ed5420, 0x0000023de9ed5ce0, 0x0000023de9ed65a0, 0x0000023de9ed6ea0,
0x0000023dea9dc4e0, 0x0000023dea9f6010, 0x0000023deafe0040, 0x0000023deaf7feb0,
0x0000023ddfa54e10, 0x0000023dea96a040, 0x0000023decf3c760, 0x0000023decf54d80,
0x0000023decf51840, 0x0000023ded0c6540
}

Java Threads: ( => current thread )
  0x0000023de9e94380 JavaThread "Reference Handler" daemon [_thread_blocked, id=11840, stack(0x0000007a89500000,0x0000007a89600000)]
  0x0000023de9e94f00 JavaThread "Finalizer" daemon [_thread_blocked, id=1896, stack(0x0000007a89600000,0x0000007a89700000)]
  0x0000023de9ed3130 JavaThread "Signal Dispatcher" daemon [_thread_blocked, id=4748, stack(0x0000007a89700000,0x0000007a89800000)]
  0x0000023de9ed4b60 JavaThread "Attach Listener" daemon [_thread_blocked, id=12124, stack(0x0000007a89800000,0x0000007a89900000)]
  0x0000023de9ed5420 JavaThread "Service Thread" daemon [_thread_blocked, id=10156, stack(0x0000007a89900000,0x0000007a89a00000)]
  0x0000023de9ed5ce0 JavaThread "Monitor Deflation Thread" daemon [_thread_blocked, id=1112, stack(0x0000007a89a00000,0x0000007a89b00000)]
  0x0000023de9ed65a0 JavaThread "C1 CompilerThread0" daemon [_thread_blocked, id=9056, stack(0x0000007a89b00000,0x0000007a89c00000)]
  0x0000023de9ed6ea0 JavaThread "Sweeper thread" daemon [_thread_blocked, id=10544, stack(0x0000007a89c00000,0x0000007a89d00000)]
  0x0000023dea9dc4e0 JavaThread "Notification Thread" daemon [_thread_blocked, id=10184, stack(0x0000007a89e00000,0x0000007a89f00000)]
  0x0000023dea9f6010 JavaThread "Common-Cleaner" daemon [_thread_blocked, id=9836, stack(0x0000007a8a000000,0x0000007a8a100000)]
  0x0000023deafe0040 JavaThread "pool-7-thread-1" [_thread_blocked, id=4892, stack(0x0000007a8a400000,0x0000007a8a500000)]
  0x0000023deaf7feb0 JavaThread "LanguageServerApp-lifecycle" [_thread_blocked, id=10540, stack(0x0000007a8a500000,0x0000007a8a600000)]
  0x0000023ddfa54e10 JavaThread "DestroyJavaVM" [_thread_blocked, id=7508, stack(0x0000007a88e00000,0x0000007a88f00000)]
  0x0000023dea96a040 JavaThread "pool-8-thread-1" [_thread_in_native, id=6068, stack(0x0000007a8a600000,0x0000007a8a700000)]
  0x0000023decf3c760 JavaThread "Simple-Language-Server main thread" daemon [_thread_blocked, id=10452, stack(0x0000007a8a700000,0x0000007a8a800000)]
  0x0000023decf54d80 JavaThread "parallel-1" daemon [_thread_blocked, id=9756, stack(0x0000007a8a800000,0x0000007a8a900000)]
  0x0000023decf51840 JavaThread "pool-2-thread-1" [_thread_blocked, id=7812, stack(0x0000007a8a900000,0x0000007a8aa00000)]
  0x0000023ded0c6540 JavaThread "pool-3-thread-1" [_thread_blocked, id=10328, stack(0x0000007a8aa00000,0x0000007a8ab00000)]

Other Threads:
=>0x0000023ddfb2d840 VMThread "VM Thread" [stack: 0x0000007a89400000,0x0000007a89500000] [id=7000]
  0x0000023dea9117a0 WatcherThread [stack: 0x0000007a89f00000,0x0000007a8a000000] [id=276]
  0x0000023ddfa83780 GCTaskThread "GC Thread#0" [stack: 0x0000007a88f00000,0x0000007a89000000] [id=11404]
  0x0000023deb018950 GCTaskThread "GC Thread#1" [stack: 0x0000007a8a100000,0x0000007a8a200000] [id=11496]
  0x0000023deb015d90 GCTaskThread "GC Thread#2" [stack: 0x0000007a8a200000,0x0000007a8a300000] [id=12176]
  0x0000023deb016040 GCTaskThread "GC Thread#3" [stack: 0x0000007a8a300000,0x0000007a8a400000] [id=12032]
  0x0000023ddfa8d220 ConcurrentGCThread "G1 Main Marker" [stack: 0x0000007a89000000,0x0000007a89100000] [id=12264]
  0x0000023ddfa8eb50 ConcurrentGCThread "G1 Conc#0" [stack: 0x0000007a89100000,0x0000007a89200000] [id=4800]
  0x0000023ddfadc240 ConcurrentGCThread "G1 Refine#0" [stack: 0x0000007a89200000,0x0000007a89300000] [id=10864]
  0x0000023ddfadcb70 ConcurrentGCThread "G1 Service" [stack: 0x0000007a89300000,0x0000007a89400000] [id=11640]

Threads with active compile tasks:

VM state: at safepoint (normal execution)

VM Mutex/Monitor currently owned by a thread:  ([mutex/lock_event])
[0x0000023ddfa519e0] Threads_lock - owner thread: 0x0000023ddfb2d840
[0x0000023ddfa51710] Heap_lock - owner thread: 0x0000023deafe0040

Heap address: 0x00000000c1e00000, size: 994 MB, Compressed Oops mode: 32-bit

CDS archive(s) not mapped
Compressed class space mapped at: 0x0000000100000000-0x0000000140000000, reserved size: 1073741824
Narrow klass base: 0x0000000000000000, Narrow klass shift: 3, Narrow klass range: 0x140000000

GC Precious Log:
 CPUs: 4 total, 4 available
 Memory: 3975M
 Large Page Support: Disabled
 NUMA Support: Disabled
 Compressed Oops: Enabled (32-bit)
 Heap Region Size: 1M
 Heap Min Capacity: 8M
 Heap Initial Capacity: 64M
 Heap Max Capacity: 994M
 Pre-touch: Disabled
 Parallel Workers: 4
 Concurrent Workers: 1
 Concurrent Refinement Workers: 4
 Periodic GC: Disabled

Heap:
 garbage-first heap   total 53248K, used 23144K [0x00000000c1e00000, 0x0000000100000000)
  region size 1024K, 3 young (3072K), 1 survivors (1024K)
 Metaspace       used 37934K, committed 38272K, reserved 1089536K
  class space    used 4773K, committed 4928K, reserved 1048576K

Heap Regions: E=young(eden), S=young(survivor), O=old, HS=humongous(starts), HC=humongous(continues), CS=collection set, F=free, OA=open archive, CA=closed archive, TAMS=top-at-mark-start (previous, next)
|   0|0x00000000c1e00000, 0x00000000c1f00000, 0x00000000c1f00000|100%| O|  |TAMS 0x00000000c1f00000, 0x00000000c1e00000| Untracked 
|   1|0x00000000c1f00000, 0x00000000c2000000, 0x00000000c2000000|100%| O|  |TAMS 0x00000000c2000000, 0x00000000c1f00000| Untracked 
|   2|0x00000000c2000000, 0x00000000c2100000, 0x00000000c2100000|100%| O|  |TAMS 0x00000000c2100000, 0x00000000c2000000| Untracked 
|   3|0x00000000c2100000, 0x00000000c2200000, 0x00000000c2200000|100%| O|  |TAMS 0x00000000c2200000, 0x00000000c2100000| Untracked 
|   4|0x00000000c2200000, 0x00000000c2300000, 0x00000000c2300000|100%| O|  |TAMS 0x00000000c2300000, 0x00000000c2200000| Untracked 
|   5|0x00000000c2300000, 0x00000000c2400000, 0x00000000c2400000|100%| O|  |TAMS 0x00000000c2400000, 0x00000000c2300000| Untracked 
|   6|0x00000000c2400000, 0x00000000c2400000, 0x00000000c2500000|  0%| F|  |TAMS 0x00000000c2400000, 0x00000000c2400000| Untracked 
|   7|0x00000000c2500000, 0x00000000c2600000, 0x00000000c2600000|100%| O|  |TAMS 0x00000000c2600000, 0x00000000c2500000| Untracked 
|   8|0x00000000c2600000, 0x00000000c2600000, 0x00000000c2700000|  0%| F|  |TAMS 0x00000000c2600000, 0x00000000c2600000| Untracked 
|   9|0x00000000c2700000, 0x00000000c2700000, 0x00000000c2800000|  0%| F|  |TAMS 0x00000000c2700000, 0x00000000c2700000| Untracked 
|  10|0x00000000c2800000, 0x00000000c2900000, 0x00000000c2900000|100%| O|  |TAMS 0x00000000c2900000, 0x00000000c2800000| Untracked 
|  11|0x00000000c2900000, 0x00000000c2900000, 0x00000000c2a00000|  0%| F|  |TAMS 0x00000000c2900000, 0x00000000c2900000| Untracked 
|  12|0x00000000c2a00000, 0x00000000c2b00000, 0x00000000c2b00000|100%| O|  |TAMS 0x00000000c2b00000, 0x00000000c2a00000| Untracked 
|  13|0x00000000c2b00000, 0x00000000c2c00000, 0x00000000c2c00000|100%| O|  |TAMS 0x00000000c2c00000, 0x00000000c2b00000| Untracked 
|  14|0x00000000c2c00000, 0x00000000c2d00000, 0x00000000c2d00000|100%| O|  |TAMS 0x00000000c2d00000, 0x00000000c2c00000| Untracked 
|  15|0x00000000c2d00000, 0x00000000c2e00000, 0x00000000c2e00000|100%| O|  |TAMS 0x00000000c2e00000, 0x00000000c2d00000| Untracked 
|  16|0x00000000c2e00000, 0x00000000c2f00000, 0x00000000c2f00000|100%| O|  |TAMS 0x00000000c2f00000, 0x00000000c2e00000| Untracked 
|  17|0x00000000c2f00000, 0x00000000c3000000, 0x00000000c3000000|100%| O|  |TAMS 0x00000000c3000000, 0x00000000c2f00000| Untracked 
|  18|0x00000000c3000000, 0x00000000c3100000, 0x00000000c3100000|100%| O|  |TAMS 0x00000000c3100000, 0x00000000c3000000| Untracked 
|  19|0x00000000c3100000, 0x00000000c3200000, 0x00000000c3200000|100%| O|  |TAMS 0x00000000c3200000, 0x00000000c3100000| Untracked 
|  20|0x00000000c3200000, 0x00000000c3300000, 0x00000000c3300000|100%| O|  |TAMS 0x00000000c3300000, 0x00000000c3200000| Untracked 
|  21|0x00000000c3300000, 0x00000000c3400000, 0x00000000c3400000|100%| O|  |TAMS 0x00000000c3400000, 0x00000000c3300000| Untracked 
|  22|0x00000000c3400000, 0x00000000c3500000, 0x00000000c3500000|100%| O|  |TAMS 0x00000000c3500000, 0x00000000c3400000| Untracked 
|  23|0x00000000c3500000, 0x00000000c3500000, 0x00000000c3600000|  0%| F|  |TAMS 0x00000000c3500000, 0x00000000c3500000| Untracked 
|  24|0x00000000c3600000, 0x00000000c3700000, 0x00000000c3700000|100%| O|  |TAMS 0x00000000c361ca00, 0x00000000c3600000| Untracked 
|  25|0x00000000c3700000, 0x00000000c3800000, 0x00000000c3800000|100%| O|  |TAMS 0x00000000c3700000, 0x00000000c3700000| Untracked 
|  26|0x00000000c3800000, 0x00000000c386fe00, 0x00000000c3900000| 43%| O|  |TAMS 0x00000000c3800000, 0x00000000c3800000| Untracked 
|  27|0x00000000c3900000, 0x00000000c3900000, 0x00000000c3a00000|  0%| F|  |TAMS 0x00000000c3900000, 0x00000000c3900000| Untracked 
|  28|0x00000000c3a00000, 0x00000000c3a00000, 0x00000000c3b00000|  0%| F|  |TAMS 0x00000000c3a00000, 0x00000000c3a00000| Untracked 
|  29|0x00000000c3b00000, 0x00000000c3b00000, 0x00000000c3c00000|  0%| F|  |TAMS 0x00000000c3b00000, 0x00000000c3b00000| Untracked 
|  30|0x00000000c3c00000, 0x00000000c3c00000, 0x00000000c3d00000|  0%| F|  |TAMS 0x00000000c3c00000, 0x00000000c3c00000| Untracked 
|  31|0x00000000c3d00000, 0x00000000c3d00000, 0x00000000c3e00000|  0%| F|  |TAMS 0x00000000c3d00000, 0x00000000c3d00000| Untracked 
|  32|0x00000000c3e00000, 0x00000000c3e00000, 0x00000000c3f00000|  0%| F|  |TAMS 0x00000000c3e00000, 0x00000000c3e00000| Untracked 
|  33|0x00000000c3f00000, 0x00000000c3f00000, 0x00000000c4000000|  0%| F|  |TAMS 0x00000000c3f00000, 0x00000000c3f00000| Untracked 
|  34|0x00000000c4000000, 0x00000000c4000000, 0x00000000c4100000|  0%| F|  |TAMS 0x00000000c4000000, 0x00000000c4000000| Untracked 
|  35|0x00000000c4100000, 0x00000000c4100000, 0x00000000c4200000|  0%| F|  |TAMS 0x00000000c4100000, 0x00000000c4100000| Untracked 
|  36|0x00000000c4200000, 0x00000000c4200000, 0x00000000c4300000|  0%| F|  |TAMS 0x00000000c4200000, 0x00000000c4200000| Untracked 
|  37|0x00000000c4300000, 0x00000000c4300000, 0x00000000c4400000|  0%| F|  |TAMS 0x00000000c4300000, 0x00000000c4300000| Untracked 
|  38|0x00000000c4400000, 0x00000000c4400000, 0x00000000c4500000|  0%| F|  |TAMS 0x00000000c4400000, 0x00000000c4400000| Untracked 
|  39|0x00000000c4500000, 0x00000000c4500000, 0x00000000c4600000|  0%| F|  |TAMS 0x00000000c4500000, 0x00000000c4500000| Untracked 
|  40|0x00000000c4600000, 0x00000000c4600000, 0x00000000c4700000|  0%| F|  |TAMS 0x00000000c4600000, 0x00000000c4600000| Untracked 
|  41|0x00000000c4700000, 0x00000000c4700000, 0x00000000c4800000|  0%| F|  |TAMS 0x00000000c4700000, 0x00000000c4700000| Untracked 
|  42|0x00000000c4800000, 0x00000000c4800000, 0x00000000c4900000|  0%| F|  |TAMS 0x00000000c4800000, 0x00000000c4800000| Untracked 
|  43|0x00000000c4900000, 0x00000000c4900000, 0x00000000c4a00000|  0%| F|  |TAMS 0x00000000c4900000, 0x00000000c4900000| Untracked 
|  44|0x00000000c4a00000, 0x00000000c4a00000, 0x00000000c4b00000|  0%| F|  |TAMS 0x00000000c4a00000, 0x00000000c4a00000| Untracked 
|  45|0x00000000c4b00000, 0x00000000c4b00000, 0x00000000c4c00000|  0%| F|  |TAMS 0x00000000c4b00000, 0x00000000c4b00000| Untracked 
|  46|0x00000000c4c00000, 0x00000000c4c00000, 0x00000000c4d00000|  0%| F|  |TAMS 0x00000000c4c00000, 0x00000000c4c00000| Untracked 
|  47|0x00000000c4d00000, 0x00000000c4d00000, 0x00000000c4e00000|  0%| F|  |TAMS 0x00000000c4d00000, 0x00000000c4d00000| Untracked 
|  48|0x00000000c4e00000, 0x00000000c4e00000, 0x00000000c4f00000|  0%| F|  |TAMS 0x00000000c4e00000, 0x00000000c4e00000| Untracked 
|  49|0x00000000c4f00000, 0x00000000c4f8f518, 0x00000000c5000000| 55%| E|  |TAMS 0x00000000c4f00000, 0x00000000c4f00000| Complete 
|  50|0x00000000c5000000, 0x00000000c502a360, 0x00000000c5100000| 16%| S|CS|TAMS 0x00000000c5000000, 0x00000000c5000000| Complete 
|  63|0x00000000c5d00000, 0x00000000c5e00000, 0x00000000c5e00000|100%| E|CS|TAMS 0x00000000c5d00000, 0x00000000c5d00000| Complete 

Card table byte_map: [0x0000023de56e0000,0x0000023de58e0000] _byte_map_base: 0x0000023de50d1000

Marking Bits (Prev, Next): (CMBitMap*) 0x0000023ddfa84cb0, (CMBitMap*) 0x0000023ddfa84cf0
 Prev Bits: [0x0000023de5ae0000, 0x0000023de6a68000)
 Next Bits: [0x0000023de6a70000, 0x0000023de79f8000)

Polling page: 0x0000023ddd910000

Metaspace:

Usage:
  Non-class:     32.38 MB used.
      Class:      4.66 MB used.
       Both:     37.05 MB used.

Virtual space:
  Non-class space:       40.00 MB reserved,      32.56 MB ( 81%) committed,  5 nodes.
      Class space:        1.00 GB reserved,       4.81 MB ( <1%) committed,  1 nodes.
             Both:        1.04 GB reserved,      37.38 MB (  4%) committed. 

Chunk freelists:
   Non-Class:  3.11 MB
       Class:  3.26 MB
        Both:  6.36 MB

MaxMetaspaceSize: unlimited
CompressedClassSpaceSize: 1.00 GB
Initial GC threshold: 21.00 MB
Current GC threshold: 62.19 MB
CDS: off
MetaspaceReclaimPolicy: balanced
 - commit_granule_bytes: 65536.
 - commit_granule_words: 8192.
 - virtual_space_node_default_size: 1048576.
 - enlarge_chunks_in_place: 1.
 - new_chunks_are_fully_committed: 0.
 - uncommit_free_chunks: 1.
 - use_allocation_guard: 0.
 - handle_deallocations: 1.


Internal statistics:

num_allocs_failed_limit: 6.
num_arena_births: 390.
num_arena_deaths: 94.
num_vsnodes_births: 6.
num_vsnodes_deaths: 0.
num_space_committed: 598.
num_space_uncommitted: 0.
num_chunks_returned_to_freelist: 101.
num_chunks_taken_from_freelist: 1524.
num_chunk_merges: 40.
num_chunk_splits: 1041.
num_chunks_enlarged: 786.
num_purges: 2.
num_inconsistent_stats: 0.

CodeCache: size=49152Kb used=7741Kb max_used=8261Kb free=41410Kb
 bounds [0x0000023de26e0000, 0x0000023de2f70000, 0x0000023de56e0000]
 total_blobs=4749 nmethods=4213 adapters=462
 compilation: enabled
              stopped_count=0, restarted_count=0
 full_count=0

Compilation events (20 events):
Event: 267.703 Thread 0x0000023de9ed65a0 4200       1       java.lang.StringConcatHelper::mix (11 bytes)
Event: 267.704 Thread 0x0000023de9ed65a0 nmethod 4200 0x0000023de2f3f590 code [0x0000023de2f3f740, 0x0000023de2f3f898]
Event: 267.704 Thread 0x0000023de9ed65a0 4201       1       java.lang.invoke.LambdaForm$MH/0x00000001003ec400::invoke (32 bytes)
Event: 267.705 Thread 0x0000023de9ed65a0 nmethod 4201 0x0000023de2f3f190 code [0x0000023de2f3f340, 0x0000023de2f3f498]
Event: 267.705 Thread 0x0000023de9ed65a0 4202       1       java.lang.invoke.DirectMethodHandle$Holder::invokeStatic (21 bytes)
Event: 267.706 Thread 0x0000023de9ed65a0 nmethod 4202 0x0000023de2f3ed90 code [0x0000023de2f3ef40, 0x0000023de2f3f058]
Event: 276.717 Thread 0x0000023de9ed65a0 4203       1       java.util.logging.Logger::log (153 bytes)
Event: 276.720 Thread 0x0000023de9ed65a0 nmethod 4203 0x0000023de2f3e590 code [0x0000023de2f3e780, 0x0000023de2f3eab8]
Event: 281.021 Thread 0x0000023de9ed65a0 4204       1       sun.reflect.generics.reflectiveObjects.TypeVariableImpl::getName (5 bytes)
Event: 281.022 Thread 0x0000023de9ed65a0 nmethod 4204 0x0000023de2f3e290 code [0x0000023de2f3e420, 0x0000023de2f3e4f8]
Event: 281.047 Thread 0x0000023de9ed65a0 4205       1       java.util.ImmutableCollections$AbstractImmutableList::<init> (5 bytes)
Event: 281.048 Thread 0x0000023de9ed65a0 nmethod 4205 0x0000023de2f3df90 code [0x0000023de2f3e120, 0x0000023de2f3e1d8]
Event: 307.728 Thread 0x0000023de9ed65a0 4206       1       java.util.AbstractList$RandomAccessSpliterator::forEachRemaining (62 bytes)
Event: 307.729 Thread 0x0000023de9ed65a0 nmethod 4206 0x0000023de2f3d790 code [0x0000023de2f3d980, 0x0000023de2f3dd18]
Event: 319.355 Thread 0x0000023de9ed65a0 4208       1       com.google.common.collect.ImmutableList::asImmutableList (7 bytes)
Event: 319.355 Thread 0x0000023de9ed65a0 nmethod 4208 0x0000023de2f3d190 code [0x0000023de2f3d320, 0x0000023de2f3d3e8]
Event: 367.388 Thread 0x0000023de9ed65a0 4209       1       java.lang.invoke.InvokerBytecodeGenerator::assertStaticType (58 bytes)
Event: 367.392 Thread 0x0000023de9ed65a0 nmethod 4209 0x0000023de2f3cb10 code [0x0000023de2f3cce0, 0x0000023de2f3cfb8]
Event: 367.526 Thread 0x0000023de9ed65a0 4214       1       java.util.logging.LogManager$LoggerContext::getOwner (5 bytes)
Event: 367.527 Thread 0x0000023de9ed65a0 nmethod 4214 0x0000023de2f3bc10 code [0x0000023de2f3bda0, 0x0000023de2f3be78]

GC Heap History (20 events):
Event: 8.319 GC heap before
{Heap before GC invocations=7 (full 0):
 garbage-first heap   total 40960K, used 26934K [0x00000000c1e00000, 0x0000000100000000)
  region size 1024K, 16 young (16384K), 2 survivors (2048K)
 Metaspace       used 30253K, committed 30528K, reserved 1081344K
  class space    used 3995K, committed 4096K, reserved 1048576K
}
Event: 8.328 GC heap after
{Heap after GC invocations=8 (full 0):
 garbage-first heap   total 40960K, used 14673K [0x00000000c1e00000, 0x0000000100000000)
  region size 1024K, 2 young (2048K), 2 survivors (2048K)
 Metaspace       used 30253K, committed 30528K, reserved 1081344K
  class space    used 3995K, committed 4096K, reserved 1048576K
}
Event: 8.905 GC heap before
{Heap before GC invocations=8 (full 0):
 garbage-first heap   total 40960K, used 27985K [0x00000000c1e00000, 0x0000000100000000)
  region size 1024K, 16 young (16384K), 2 survivors (2048K)
 Metaspace       used 31662K, committed 32000K, reserved 1081344K
  class space    used 4102K, committed 4288K, reserved 1048576K
}
Event: 8.912 GC heap after
{Heap after GC invocations=9 (full 0):
 garbage-first heap   total 40960K, used 16631K [0x00000000c1e00000, 0x0000000100000000)
  region size 1024K, 2 young (2048K), 2 survivors (2048K)
 Metaspace       used 31662K, committed 32000K, reserved 1081344K
  class space    used 4102K, committed 4288K, reserved 1048576K
}
Event: 9.308 GC heap before
{Heap before GC invocations=9 (full 0):
 garbage-first heap   total 40960K, used 27895K [0x00000000c1e00000, 0x0000000100000000)
  region size 1024K, 14 young (14336K), 2 survivors (2048K)
 Metaspace       used 32142K, committed 32512K, reserved 1081344K
  class space    used 4178K, committed 4352K, reserved 1048576K
}
Event: 9.317 GC heap after
{Heap after GC invocations=10 (full 0):
 garbage-first heap   total 49152K, used 22562K [0x00000000c1e00000, 0x0000000100000000)
  region size 1024K, 2 young (2048K), 2 survivors (2048K)
 Metaspace       used 32142K, committed 32512K, reserved 1081344K
  class space    used 4178K, committed 4352K, reserved 1048576K
}
Event: 10.242 GC heap before
{Heap before GC invocations=10 (full 0):
 garbage-first heap   total 49152K, used 31778K [0x00000000c1e00000, 0x0000000100000000)
  region size 1024K, 12 young (12288K), 2 survivors (2048K)
 Metaspace       used 34786K, committed 35136K, reserved 1081344K
  class space    used 4376K, committed 4544K, reserved 1048576K
}
Event: 10.244 GC heap after
{Heap after GC invocations=11 (full 0):
 garbage-first heap   total 49152K, used 23397K [0x00000000c1e00000, 0x0000000100000000)
  region size 1024K, 1 young (1024K), 1 survivors (1024K)
 Metaspace       used 34786K, committed 35136K, reserved 1081344K
  class space    used 4376K, committed 4544K, reserved 1048576K
}
Event: 10.549 GC heap before
{Heap before GC invocations=11 (full 0):
 garbage-first heap   total 49152K, used 32613K [0x00000000c1e00000, 0x0000000100000000)
  region size 1024K, 11 young (11264K), 1 survivors (1024K)
 Metaspace       used 35660K, committed 35968K, reserved 1081344K
  class space    used 4504K, committed 4672K, reserved 1048576K
}
Event: 10.552 GC heap after
{Heap after GC invocations=12 (full 0):
 garbage-first heap   total 49152K, used 23861K [0x00000000c1e00000, 0x0000000100000000)
  region size 1024K, 1 young (1024K), 1 survivors (1024K)
 Metaspace       used 35660K, committed 35968K, reserved 1081344K
  class space    used 4504K, committed 4672K, reserved 1048576K
}
Event: 10.881 GC heap before
{Heap before GC invocations=13 (full 0):
 garbage-first heap   total 53248K, used 35125K [0x00000000c1e00000, 0x0000000100000000)
  region size 1024K, 12 young (12288K), 1 survivors (1024K)
 Metaspace       used 36345K, committed 36672K, reserved 1081344K
  class space    used 4579K, committed 4736K, reserved 1048576K
}
Event: 10.884 GC heap after
{Heap after GC invocations=14 (full 0):
 garbage-first heap   total 53248K, used 24890K [0x00000000c1e00000, 0x0000000100000000)
  region size 1024K, 2 young (2048K), 2 survivors (2048K)
 Metaspace       used 36345K, committed 36672K, reserved 1081344K
  class space    used 4579K, committed 4736K, reserved 1048576K
}
Event: 82.565 GC heap before
{Heap before GC invocations=15 (full 0):
 garbage-first heap   total 53248K, used 39226K [0x00000000c1e00000, 0x0000000100000000)
  region size 1024K, 16 young (16384K), 2 survivors (2048K)
 Metaspace       used 37825K, committed 38144K, reserved 1089536K
  class space    used 4758K, committed 4864K, reserved 1048576K
}
Event: 82.578 GC heap after
{Heap after GC invocations=16 (full 0):
 garbage-first heap   total 53248K, used 24760K [0x00000000c1e00000, 0x0000000100000000)
  region size 1024K, 1 young (1024K), 1 survivors (1024K)
 Metaspace       used 37825K, committed 38144K, reserved 1089536K
  class space    used 4758K, committed 4864K, reserved 1048576K
}
Event: 182.152 GC heap before
{Heap before GC invocations=16 (full 0):
 garbage-first heap   total 53248K, used 40120K [0x00000000c1e00000, 0x0000000100000000)
  region size 1024K, 16 young (16384K), 1 survivors (1024K)
 Metaspace       used 37869K, committed 38208K, reserved 1089536K
  class space    used 4765K, committed 4928K, reserved 1048576K
}
Event: 182.163 GC heap after
{Heap after GC invocations=17 (full 0):
 garbage-first heap   total 53248K, used 24688K [0x00000000c1e00000, 0x0000000100000000)
  region size 1024K, 1 young (1024K), 1 survivors (1024K)
 Metaspace       used 37869K, committed 38208K, reserved 1089536K
  class space    used 4765K, committed 4928K, reserved 1048576K
}
Event: 281.056 GC heap before
{Heap before GC invocations=18 (full 0):
 garbage-first heap   total 53248K, used 39024K [0x00000000c1e00000, 0x0000000100000000)
  region size 1024K, 16 young (16384K), 1 survivors (1024K)
 Metaspace       used 37824K, committed 38208K, reserved 1089536K
  class space    used 4756K, committed 4928K, reserved 1048576K
}
Event: 281.065 GC heap after
{Heap after GC invocations=19 (full 0):
 garbage-first heap   total 53248K, used 24770K [0x00000000c1e00000, 0x0000000100000000)
  region size 1024K, 1 young (1024K), 1 survivors (1024K)
 Metaspace       used 37824K, committed 38208K, reserved 1089536K
  class space    used 4756K, committed 4928K, reserved 1048576K
}
Event: 313.687 GC heap before
{Heap before GC invocations=19 (full 0):
 garbage-first heap   total 53248K, used 25794K [0x00000000c1e00000, 0x0000000100000000)
  region size 1024K, 2 young (2048K), 1 survivors (1024K)
 Metaspace       used 37835K, committed 38208K, reserved 1089536K
  class space    used 4760K, committed 4928K, reserved 1048576K
}
Event: 313.699 GC heap after
{Heap after GC invocations=20 (full 0):
 garbage-first heap   total 53248K, used 22120K [0x00000000c1e00000, 0x0000000100000000)
  region size 1024K, 1 young (1024K), 1 survivors (1024K)
 Metaspace       used 37835K, committed 38208K, reserved 1089536K
  class space    used 4760K, committed 4928K, reserved 1048576K
}

Deoptimization events (16 events):
Event: 2.756 Thread 0x0000023ddfa54e10 DEOPT PACKING pc=0x0000023de29bfcf5 sp=0x0000007a88efd6b0
Event: 2.756 Thread 0x0000023ddfa54e10 DEOPT UNPACKING pc=0x0000023de2732b43 sp=0x0000007a88efcb20 mode 3
Event: 4.551 Thread 0x0000023ddfa54e10 DEOPT PACKING pc=0x0000023de2ac3719 sp=0x0000007a88efce60
Event: 4.551 Thread 0x0000023ddfa54e10 DEOPT UNPACKING pc=0x0000023de2732b43 sp=0x0000007a88efc340 mode 3
Event: 5.222 Thread 0x0000023ddfa54e10 DEOPT PACKING pc=0x0000023de2b82bf5 sp=0x0000007a88efc9d0
Event: 5.222 Thread 0x0000023ddfa54e10 DEOPT UNPACKING pc=0x0000023de2732b43 sp=0x0000007a88efbe40 mode 3
Event: 7.545 Thread 0x0000023decf3c760 DEOPT PACKING pc=0x0000023de2cbf4b5 sp=0x0000007a8a7fd880
Event: 7.545 Thread 0x0000023decf3c760 DEOPT UNPACKING pc=0x0000023de2732b43 sp=0x0000007a8a7fcda8 mode 3
Event: 7.882 Thread 0x0000023dea96a040 DEOPT PACKING pc=0x0000023de2ad0781 sp=0x0000007a8a6fdb90
Event: 7.883 Thread 0x0000023dea96a040 DEOPT UNPACKING pc=0x0000023de2732b43 sp=0x0000007a8a6fd020 mode 3
Event: 9.216 Thread 0x0000023decf3c760 DEOPT PACKING pc=0x0000023de2ac1417 sp=0x0000007a8a7fee90
Event: 9.216 Thread 0x0000023decf3c760 DEOPT UNPACKING pc=0x0000023de2732b43 sp=0x0000007a8a7fe2e8 mode 3
Event: 10.772 Thread 0x0000023ded0c6540 DEOPT PACKING pc=0x0000023de2853d6a sp=0x0000007a8aafe790
Event: 10.772 Thread 0x0000023ded0c6540 DEOPT UNPACKING pc=0x0000023de2732b43 sp=0x0000007a8aafdc50 mode 3
Event: 11.169 Thread 0x0000023ded0c6540 DEOPT PACKING pc=0x0000023de283035b sp=0x0000007a8aafd240
Event: 11.169 Thread 0x0000023ded0c6540 DEOPT UNPACKING pc=0x0000023de2732b43 sp=0x0000007a8aafc6d8 mode 3

Classes unloaded (20 events):
Event: 182.242 Thread 0x0000023ddfb2d840 Unloading class 0x00000001002e8c00 'java/lang/invoke/LambdaForm$MH+0x00000001002e8c00'
Event: 182.242 Thread 0x0000023ddfb2d840 Unloading class 0x00000001002e8800 'java/lang/invoke/LambdaForm$MH+0x00000001002e8800'
Event: 182.242 Thread 0x0000023ddfb2d840 Unloading class 0x00000001002e8400 'java/lang/invoke/LambdaForm$MH+0x00000001002e8400'
Event: 182.242 Thread 0x0000023ddfb2d840 Unloading class 0x00000001002e8000 'java/lang/invoke/LambdaForm$MH+0x00000001002e8000'
Event: 182.242 Thread 0x0000023ddfb2d840 Unloading class 0x00000001002e4c00 'java/lang/invoke/LambdaForm$DMH+0x00000001002e4c00'
Event: 182.242 Thread 0x0000023ddfb2d840 Unloading class 0x00000001002e4400 'java/lang/invoke/LambdaForm$DMH+0x00000001002e4400'
Event: 182.242 Thread 0x0000023ddfb2d840 Unloading class 0x00000001001de800 'java/lang/invoke/LambdaForm$MH+0x00000001001de800'
Event: 182.242 Thread 0x0000023ddfb2d840 Unloading class 0x00000001001de400 'java/lang/invoke/LambdaForm$MH+0x00000001001de400'
Event: 182.242 Thread 0x0000023ddfb2d840 Unloading class 0x00000001001de000 'java/lang/invoke/LambdaForm$MH+0x00000001001de000'
Event: 182.242 Thread 0x0000023ddfb2d840 Unloading class 0x00000001001ddc00 'java/lang/invoke/LambdaForm$MH+0x00000001001ddc00'
Event: 182.242 Thread 0x0000023ddfb2d840 Unloading class 0x00000001001dd800 'java/lang/invoke/LambdaForm$MH+0x00000001001dd800'
Event: 182.242 Thread 0x0000023ddfb2d840 Unloading class 0x00000001001dd000 'java/lang/invoke/LambdaForm$MH+0x00000001001dd000'
Event: 182.242 Thread 0x0000023ddfb2d840 Unloading class 0x00000001000ca800 'java/lang/invoke/LambdaForm$MH+0x00000001000ca800'
Event: 182.242 Thread 0x0000023ddfb2d840 Unloading class 0x00000001000ca000 'java/lang/invoke/LambdaForm$MH+0x00000001000ca000'
Event: 182.242 Thread 0x0000023ddfb2d840 Unloading class 0x00000001000c9c00 'java/lang/invoke/LambdaForm$MH+0x00000001000c9c00'
Event: 182.242 Thread 0x0000023ddfb2d840 Unloading class 0x00000001000c9800 'java/lang/invoke/LambdaForm$MH+0x00000001000c9800'
Event: 182.242 Thread 0x0000023ddfb2d840 Unloading class 0x00000001000c9000 'java/lang/invoke/LambdaForm$MH+0x00000001000c9000'
Event: 182.243 Thread 0x0000023ddfb2d840 Unloading class 0x00000001000c8c00 'java/lang/invoke/LambdaForm$MH+0x00000001000c8c00'
Event: 182.243 Thread 0x0000023ddfb2d840 Unloading class 0x00000001000c8800 'java/lang/invoke/LambdaForm$MH+0x00000001000c8800'
Event: 182.243 Thread 0x0000023ddfb2d840 Unloading class 0x00000001000c8000 'java/lang/invoke/LambdaForm$MH+0x00000001000c8000'

Classes redefined (0 events):
No events

Internal exceptions (20 events):
Event: 10.841 Thread 0x0000023ded0c6540 Exception <a 'java/lang/ArrayIndexOutOfBoundsException'{0x00000000c47542f0}: Index 223 out of bounds for length 223> (0x00000000c47542f0) 
thrown [e:\jenkins\tmp\workspace\build\src\src\hotspot\share\interpreter\interpreterRuntime.cpp, line 428]
Event: 11.213 Thread 0x0000023ded0c6540 Exception <a 'java/lang/NoSuchMethodError'{0x00000000c4c1e2e8}: 'void java.lang.invoke.DirectMethodHandle$Holder.invokeStatic(java.lang.Object, java.lang.Object, java.lang.Object, java.lang.Object, java.lang.Object, java.lang.Object)'> (0x00000000c4c1e2e8) 
thrown [e:\jenkins\tmp\workspace\build\src\src\hotspot\share\interpreter\linkResolver.cpp, line 766]
Event: 31.946 Thread 0x0000023dea96a040 Exception <a 'java/lang/reflect/InvocationTargetException'{0x00000000c4cbca80}> (0x00000000c4cbca80) 
thrown [e:\jenkins\tmp\workspace\build\src\src\hotspot\share\runtime\reflection.cpp, line 1121]
Event: 34.811 Thread 0x0000023dea96a040 Exception <a 'java/lang/reflect/InvocationTargetException'{0x00000000c4ce8018}> (0x00000000c4ce8018) 
thrown [e:\jenkins\tmp\workspace\build\src\src\hotspot\share\runtime\reflection.cpp, line 1121]
Event: 36.466 Thread 0x0000023dea96a040 Exception <a 'java/lang/reflect/InvocationTargetException'{0x00000000c4b08dd0}> (0x00000000c4b08dd0) 
thrown [e:\jenkins\tmp\workspace\build\src\src\hotspot\share\runtime\reflection.cpp, line 1121]
Event: 40.147 Thread 0x0000023dea96a040 Exception <a 'java/lang/reflect/InvocationTargetException'{0x00000000c4b27b40}> (0x00000000c4b27b40) 
thrown [e:\jenkins\tmp\workspace\build\src\src\hotspot\share\runtime\reflection.cpp, line 1121]
Event: 40.931 Thread 0x0000023dea96a040 Exception <a 'java/lang/reflect/InvocationTargetException'{0x00000000c4b3ff40}> (0x00000000c4b3ff40) 
thrown [e:\jenkins\tmp\workspace\build\src\src\hotspot\share\runtime\reflection.cpp, line 1121]
Event: 41.065 Thread 0x0000023dea96a040 Exception <a 'java/lang/reflect/InvocationTargetException'{0x00000000c4b53cf0}> (0x00000000c4b53cf0) 
thrown [e:\jenkins\tmp\workspace\build\src\src\hotspot\share\runtime\reflection.cpp, line 1121]
Event: 41.208 Thread 0x0000023dea96a040 Exception <a 'java/lang/reflect/InvocationTargetException'{0x00000000c4b67ab8}> (0x00000000c4b67ab8) 
thrown [e:\jenkins\tmp\workspace\build\src\src\hotspot\share\runtime\reflection.cpp, line 1121]
Event: 42.255 Thread 0x0000023dea96a040 Exception <a 'java/lang/reflect/InvocationTargetException'{0x00000000c4b7ff38}> (0x00000000c4b7ff38) 
thrown [e:\jenkins\tmp\workspace\build\src\src\hotspot\share\runtime\reflection.cpp, line 1121]
Event: 44.104 Thread 0x0000023dea96a040 Exception <a 'java/lang/reflect/InvocationTargetException'{0x00000000c4b963d0}> (0x00000000c4b963d0) 
thrown [e:\jenkins\tmp\workspace\build\src\src\hotspot\share\runtime\reflection.cpp, line 1121]
Event: 44.901 Thread 0x0000023dea96a040 Exception <a 'java/lang/reflect/InvocationTargetException'{0x00000000c4bb88c0}> (0x00000000c4bb88c0) 
thrown [e:\jenkins\tmp\workspace\build\src\src\hotspot\share\runtime\reflection.cpp, line 1121]
Event: 126.596 Thread 0x0000023decf51840 Exception <a 'java/lang/NoSuchMethodError'{0x00000000c4c668e8}: 'java.lang.Object java.lang.invoke.DirectMethodHandle$Holder.invokeStatic(java.lang.Object, java.lang.Object, java.lang.Object, java.lang.Object, int)'> (0x00000000c4c668e8) 
thrown [e:\jenkins\tmp\workspace\build\src\src\hotspot\share\interpreter\linkResolver.cpp, line 766]
Event: 307.727 Thread 0x0000023dea96a040 Exception <a 'java/lang/reflect/InvocationTargetException'{0x00000000c5d233d0}> (0x00000000c5d233d0) 
thrown [e:\jenkins\tmp\workspace\build\src\src\hotspot\share\runtime\reflection.cpp, line 1121]
Event: 312.662 Thread 0x0000023decf51840 Exception <a 'java/lang/NoSuchMethodError'{0x00000000c5db1b80}: 'java.lang.Object java.lang.invoke.DirectMethodHandle$Holder.invokeSpecial(java.lang.Object, java.lang.Object, int, java.lang.Object, java.lang.Object)'> (0x00000000c5db1b80) 
thrown [e:\jenkins\tmp\workspace\build\src\src\hotspot\share\interpreter\linkResolver.cpp, line 766]
Event: 367.455 Thread 0x0000023deafe0040 Exception <a 'java/lang/NoSuchMethodError'{0x00000000c4f66db8}: 'void java.lang.invoke.DirectMethodHandle$Holder.invokeStatic(java.lang.Object, long)'> (0x00000000c4f66db8) 
thrown [e:\jenkins\tmp\workspace\build\src\src\hotspot\share\interpreter\linkResolver.cpp, line 766]
Event: 367.457 Thread 0x0000023deafe0040 Exception <a 'java/lang/NoSuchMethodError'{0x00000000c4f6c1a0}: 'java.lang.Object java.lang.invoke.DirectMethodHandle$Holder.newInvokeSpecial(java.lang.Object, long)'> (0x00000000c4f6c1a0) 
thrown [e:\jenkins\tmp\workspace\build\src\src\hotspot\share\interpreter\linkResolver.cpp, line 766]
Event: 367.465 Thread 0x0000023deafe0040 Exception <a 'java/lang/NoSuchMethodError'{0x00000000c4f72d88}: 'java.lang.Object java.lang.invoke.DirectMethodHandle$Holder.invokeStatic(java.lang.Object, java.lang.Object, long, java.lang.Object)'> (0x00000000c4f72d88) 
thrown [e:\jenkins\tmp\workspace\build\src\src\hotspot\share\interpreter\linkResolver.cpp, line 766]
Event: 367.466 Thread 0x0000023deafe0040 Exception <a 'java/lang/NoSuchMethodError'{0x00000000c4f76850}: 'java.lang.Object java.lang.invoke.DirectMethodHandle$Holder.invokeStaticInit(java.lang.Object, java.lang.Object, long, java.lang.Object)'> (0x00000000c4f76850) 
thrown [e:\jenkins\tmp\workspace\build\src\src\hotspot\share\interpreter\linkResolver.cpp, line 766]
Event: 367.467 Thread 0x0000023deafe0040 Exception <a 'java/lang/NoSuchMethodError'{0x00000000c4f7cbb8}: 'java.lang.Object java.lang.invoke.DirectMethodHandle$Holder.newInvokeSpecial(java.lang.Object, java.lang.Object, long)'> (0x00000000c4f7cbb8) 
thrown [e:\jenkins\tmp\workspace\build\src\src\hotspot\share\interpreter\linkResolver.cpp, line 766]

VM Operations (20 events):
Event: 228.604 Executing VM operation: Cleanup done
Event: 236.641 Executing VM operation: Cleanup
Event: 236.641 Executing VM operation: Cleanup done
Event: 237.646 Executing VM operation: Cleanup
Event: 237.646 Executing VM operation: Cleanup done
Event: 238.661 Executing VM operation: Cleanup
Event: 238.661 Executing VM operation: Cleanup done
Event: 279.893 Executing VM operation: Cleanup
Event: 279.893 Executing VM operation: Cleanup done
Event: 281.056 Executing VM operation: G1CollectForAllocation
Event: 281.065 Executing VM operation: G1CollectForAllocation done
Event: 309.351 Executing VM operation: Cleanup
Event: 309.351 Executing VM operation: Cleanup done
Event: 313.687 Executing VM operation: G1CollectForAllocation
Event: 313.699 Executing VM operation: G1CollectForAllocation done
Event: 367.513 Executing VM operation: HandshakeAllThreads
Event: 367.513 Executing VM operation: HandshakeAllThreads done
Event: 367.513 Executing VM operation: Cleanup
Event: 367.513 Executing VM operation: Cleanup done
Event: 367.527 Executing VM operation: G1CollectFull

Events (20 events):
Event: 126.637 loading class java/util/concurrent/CompletionException
Event: 126.638 loading class java/util/concurrent/CompletionException done
Event: 130.143 Thread 0x0000023deb267fb0 Thread added: 0x0000023deb267fb0
Event: 131.256 Thread 0x0000023deb267fb0 Thread exited: 0x0000023deb267fb0
Event: 367.405 loading class java/lang/ProcessBuilder
Event: 367.430 loading class java/lang/ProcessBuilder done
Event: 367.432 loading class java/lang/ProcessImpl
Event: 367.438 loading class java/lang/Process
Event: 367.439 loading class java/lang/Process done
Event: 367.439 loading class java/lang/ProcessImpl done
Event: 367.458 loading class java/lang/ProcessHandleImpl
Event: 367.459 loading class java/lang/ProcessHandle
Event: 367.459 loading class java/lang/ProcessHandle done
Event: 367.460 loading class java/lang/ProcessHandleImpl done
Event: 367.468 loading class java/lang/ProcessImpl$2
Event: 367.469 loading class java/lang/ProcessImpl$2 done
Event: 367.470 loading class java/lang/Process$PipeInputStream
Event: 367.471 loading class java/lang/Process$PipeInputStream done
Event: 367.513 loading class jdk/internal/event/ProcessStartEvent
Event: 367.516 loading class jdk/internal/event/ProcessStartEvent done


Dynamic libraries:
0x00007ff694870000 - 0x00007ff69487e000 	c:\Users\Administrator\.vscode\extensions\redhat.java-1.6.0-win32-x64\jre\17.0.2-win32-x86_64\bin\java.exe
0x00007ffc6ca80000 - 0x00007ffc6cc87000 	C:\Windows\SYSTEM32\ntdll.dll
0x00007ffc6b4c0000 - 0x00007ffc6b57d000 	C:\Windows\System32\KERNEL32.DLL
0x00007ffc6a590000 - 0x00007ffc6a904000 	C:\Windows\System32\KERNELBASE.dll
0x00007ffc69f60000 - 0x00007ffc6a071000 	C:\Windows\System32\ucrtbase.dll
0x00007ffc413e0000 - 0x00007ffc413f8000 	c:\Users\Administrator\.vscode\extensions\redhat.java-1.6.0-win32-x64\jre\17.0.2-win32-x86_64\bin\jli.dll
0x00007ffc6c5d0000 - 0x00007ffc6c77c000 	C:\Windows\System32\USER32.dll
0x00007ffc6a140000 - 0x00007ffc6a166000 	C:\Windows\System32\win32u.dll
0x00007ffc6af70000 - 0x00007ffc6af99000 	C:\Windows\System32\GDI32.dll
0x00007ffc6a300000 - 0x00007ffc6a412000 	C:\Windows\System32\gdi32full.dll
0x00007ffc6a260000 - 0x00007ffc6a2fd000 	C:\Windows\System32\msvcp_win.dll
0x00007ffc3fdd0000 - 0x00007ffc3fde9000 	c:\Users\Administrator\.vscode\extensions\redhat.java-1.6.0-win32-x64\jre\17.0.2-win32-x86_64\bin\VCRUNTIME140.dll
0x00007ffc5d740000 - 0x00007ffc5d9e5000 	C:\Windows\WinSxS\amd64_microsoft.windows.common-controls_6595b64144ccf1df_6.0.22000.120_none_9d947278b86cc467\COMCTL32.dll
0x00007ffc6c780000 - 0x00007ffc6c823000 	C:\Windows\System32\msvcrt.dll
0x00007ffc6b780000 - 0x00007ffc6b7b1000 	C:\Windows\System32\IMM32.DLL
0x00007ffc5e9d0000 - 0x00007ffc5e9dc000 	c:\Users\Administrator\.vscode\extensions\redhat.java-1.6.0-win32-x64\jre\17.0.2-win32-x86_64\bin\vcruntime140_1.dll
0x00007ffc37470000 - 0x00007ffc37501000 	c:\Users\Administrator\.vscode\extensions\redhat.java-1.6.0-win32-x64\jre\17.0.2-win32-x86_64\bin\msvcp140.dll
0x00007ffc0dd30000 - 0x00007ffc0e977000 	c:\Users\Administrator\.vscode\extensions\redhat.java-1.6.0-win32-x64\jre\17.0.2-win32-x86_64\bin\server\jvm.dll
0x00007ffc6c120000 - 0x00007ffc6c1cc000 	C:\Windows\System32\ADVAPI32.dll
0x00007ffc6bf90000 - 0x00007ffc6c02d000 	C:\Windows\System32\sechost.dll
0x00007ffc6c830000 - 0x00007ffc6c951000 	C:\Windows\System32\RPCRT4.dll
0x00007ffc6b4a0000 - 0x00007ffc6b4a8000 	C:\Windows\System32\PSAPI.DLL
0x00007ffc5a120000 - 0x00007ffc5a129000 	C:\Windows\SYSTEM32\WSOCK32.dll
0x00007ffc6af00000 - 0x00007ffc6af6f000 	C:\Windows\System32\WS2_32.dll
0x00007ffc63780000 - 0x00007ffc637b3000 	C:\Windows\SYSTEM32\WINMM.dll
0x00007ffc5fa70000 - 0x00007ffc5fa7a000 	C:\Windows\SYSTEM32\VERSION.dll
0x00007ffc69020000 - 0x00007ffc69038000 	C:\Windows\SYSTEM32\kernel.appcore.dll
0x00007ffc5cf80000 - 0x00007ffc5cf8a000 	c:\Users\Administrator\.vscode\extensions\redhat.java-1.6.0-win32-x64\jre\17.0.2-win32-x86_64\bin\jimage.dll
0x00007ffc67a00000 - 0x00007ffc67c21000 	C:\Windows\SYSTEM32\DBGHELP.DLL
0x00007ffc5dc80000 - 0x00007ffc5dcb1000 	C:\Windows\SYSTEM32\dbgcore.DLL
0x00007ffc6a170000 - 0x00007ffc6a1ef000 	C:\Windows\System32\bcryptPrimitives.dll
0x00007ffc3fda0000 - 0x00007ffc3fdc5000 	c:\Users\Administrator\.vscode\extensions\redhat.java-1.6.0-win32-x64\jre\17.0.2-win32-x86_64\bin\java.dll
0x00007ffc3fd80000 - 0x00007ffc3fd98000 	c:\Users\Administrator\.vscode\extensions\redhat.java-1.6.0-win32-x64\jre\17.0.2-win32-x86_64\bin\zip.dll
0x00007ffc6b7e0000 - 0x00007ffc6bf8e000 	C:\Windows\System32\SHELL32.dll
0x00007ffc67f40000 - 0x00007ffc687a7000 	C:\Windows\SYSTEM32\windows.storage.dll
0x00007ffc6b120000 - 0x00007ffc6b498000 	C:\Windows\System32\combase.dll
0x00007ffc67dd0000 - 0x00007ffc67f36000 	C:\Windows\SYSTEM32\wintypes.dll
0x00007ffc6c240000 - 0x00007ffc6c32a000 	C:\Windows\System32\SHCORE.dll
0x00007ffc6b0c0000 - 0x00007ffc6b11d000 	C:\Windows\System32\shlwapi.dll
0x00007ffc69e90000 - 0x00007ffc69eb1000 	C:\Windows\SYSTEM32\profapi.dll
0x00007ffc3fc20000 - 0x00007ffc3fc39000 	C:\Users\Administrator\.vscode\extensions\redhat.java-1.6.0-win32-x64\jre\17.0.2-win32-x86_64\bin\net.dll
0x00007ffc634b0000 - 0x00007ffc635bc000 	C:\Windows\SYSTEM32\WINHTTP.dll
0x00007ffc69420000 - 0x00007ffc69487000 	C:\Windows\system32\mswsock.dll
0x00007ffc3fbc0000 - 0x00007ffc3fbd5000 	C:\Users\Administrator\.vscode\extensions\redhat.java-1.6.0-win32-x64\jre\17.0.2-win32-x86_64\bin\nio.dll
0x00007ffc57d70000 - 0x00007ffc57d80000 	c:\Users\Administrator\.vscode\extensions\redhat.java-1.6.0-win32-x64\jre\17.0.2-win32-x86_64\bin\verify.dll
0x00007ffc44d20000 - 0x00007ffc44d29000 	C:\Users\Administrator\.vscode\extensions\redhat.java-1.6.0-win32-x64\jre\17.0.2-win32-x86_64\bin\management.dll
0x00007ffc43a20000 - 0x00007ffc43a2b000 	C:\Users\Administrator\.vscode\extensions\redhat.java-1.6.0-win32-x64\jre\17.0.2-win32-x86_64\bin\management_ext.dll
0x00007ffc5a100000 - 0x00007ffc5a117000 	C:\Windows\system32\napinsp.dll
0x00007ffc57e20000 - 0x00007ffc57e3b000 	C:\Windows\system32\pnrpnsp.dll
0x00007ffc68b90000 - 0x00007ffc68c77000 	C:\Windows\SYSTEM32\DNSAPI.dll
0x00007ffc68b60000 - 0x00007ffc68b8d000 	C:\Windows\SYSTEM32\IPHLPAPI.DLL
0x00007ffc6c1d0000 - 0x00007ffc6c1d9000 	C:\Windows\System32\NSI.dll
0x00007ffc57d50000 - 0x00007ffc57d62000 	C:\Windows\System32\winrnr.dll
0x00007ffc63490000 - 0x00007ffc634a5000 	C:\Windows\system32\wshbth.dll
0x00007ffc57d30000 - 0x00007ffc57d4f000 	C:\Windows\system32\nlansp_c.dll
0x00007ffc60710000 - 0x00007ffc6071a000 	C:\Windows\System32\rasadhlp.dll
0x00007ffc62950000 - 0x00007ffc629d1000 	C:\Windows\System32\fwpuclnt.dll
0x00007ffc696f0000 - 0x00007ffc69708000 	C:\Windows\SYSTEM32\CRYPTSP.dll
0x00007ffc68f80000 - 0x00007ffc68fb5000 	C:\Windows\system32\rsaenh.dll
0x00007ffc694c0000 - 0x00007ffc694e9000 	C:\Windows\SYSTEM32\USERENV.dll
0x00007ffc69830000 - 0x00007ffc69857000 	C:\Windows\SYSTEM32\bcrypt.dll
0x00007ffc69610000 - 0x00007ffc6961c000 	C:\Windows\SYSTEM32\CRYPTBASE.dll
0x00007ffc63470000 - 0x00007ffc63489000 	C:\Windows\SYSTEM32\dhcpcsvc6.DLL
0x00007ffc63730000 - 0x00007ffc6374e000 	C:\Windows\SYSTEM32\dhcpcsvc.DLL

dbghelp: loaded successfully - version: 4.0.5 - missing functions: none
symbol engine: initialized successfully - sym options: 0x614 - pdb path: .;c:\Users\Administrator\.vscode\extensions\redhat.java-1.6.0-win32-x64\jre\17.0.2-win32-x86_64\bin;C:\Windows\SYSTEM32;C:\Windows\WinSxS\amd64_microsoft.windows.common-controls_6595b64144ccf1df_6.0.22000.120_none_9d947278b86cc467;c:\Users\Administrator\.vscode\extensions\redhat.java-1.6.0-win32-x64\jre\17.0.2-win32-x86_64\bin\server

VM Arguments:
jvm_args: -Dsts.lsp.client=vscode -Dsts.log.file=/dev/null -XX:TieredStopAtLevel=1 -Dspring.config.location=file:c:\Users\Administrator\.vscode\extensions\pivotal.vscode-spring-boot-1.33.0\language-server\BOOT-INF\classes\application.properties 
java_command: org.springframework.ide.vscode.boot.app.BootLanguageServerBootApp
java_class_path (initial): c:\Users\Administrator\.vscode\extensions\pivotal.vscode-spring-boot-1.33.0\language-server\BOOT-INF\classes;c:\Users\Administrator\.vscode\extensions\pivotal.vscode-spring-boot-1.33.0\language-server\BOOT-INF\lib\antlr4-runtime-4.5.3.jar;c:\Users\Administrator\.vscode\extensions\pivotal.vscode-spring-boot-1.33.0\language-server\BOOT-INF\lib\byte-buddy-1.10.18.jar;c:\Users\Administrator\.vscode\extensions\pivotal.vscode-spring-boot-1.33.0\language-server\BOOT-INF\lib\commons-codec-1.14.jar;c:\Users\Administrator\.vscode\extensions\pivotal.vscode-spring-boot-1.33.0\language-server\BOOT-INF\lib\commons-io-2.4.jar;c:\Users\Administrator\.vscode\extensions\pivotal.vscode-spring-boot-1.33.0\language-server\BOOT-INF\lib\commons-java-1.33.0-SNAPSHOT.jar;c:\Users\Administrator\.vscode\extensions\pivotal.vscode-spring-boot-1.33.0\language-server\BOOT-INF\lib\commons-lang3-3.10.jar;c:\Users\Administrator\.vscode\extensions\pivotal.vscode-spring-boot-1.33.0\language-server\BOOT-INF\lib\commons-language-server-1.33.0-SNAPSHOT.jar;c:\Users\Administrator\.vscode\extensions\pivotal.vscode-spring-boot-1.33.0\language-server\BOOT-INF\lib\commons-lsp-extensions-1.33.0-SNAPSHOT.jar;c:\Users\Administrator\.vscode\extensions\pivotal.vscode-spring-boot-1.33.0\language-server\BOOT-INF\lib\commons-util-1.33.0-SNAPSHOT.jar;c:\Users\Administrator\.vscode\extensions\pivotal.vscode-spring-boot-1.33.0\language-server\BOOT-INF\lib\commons-yaml-1.33.0-SNAPSHOT.jar;c:\Users\Administrator\.vscode\extensions\pivotal.vscode-spring-boot-1.33.0\language-server\BOOT-INF\lib\gson-2.8.6.jar;c:\Users\Administrator\.vscode\extensions\pivotal.vscode-spring-boot-1.33.0\language-server\BOOT-INF\lib\guava-19.0.jar;c:\Users\Administrator\.vscode\extensions\pivotal.vscode-spring-boot-1.33.0\language-server\BOOT-INF\lib\jakarta.annotation-api-1.3.5.jar;c:\Users\Administrator\.vscode\extensions\pivotal.vscode-spring-boot-1.33.0\language-server\BOOT-INF\lib\jandex-2.0.5.Final.jar;c:\User
Launcher Type: SUN_STANDARD

[Global flags]
     intx CICompilerCount                          = 3                                         {product} {ergonomic}
     uint ConcGCThreads                            = 1                                         {product} {ergonomic}
     uint G1ConcRefinementThreads                  = 4                                         {product} {ergonomic}
   size_t G1HeapRegionSize                         = 1048576                                   {product} {ergonomic}
    uintx GCDrainStackTargetSize                   = 64                                        {product} {ergonomic}
   size_t InitialHeapSize                          = 67108864                                  {product} {ergonomic}
   size_t MarkStackSize                            = 4194304                                   {product} {ergonomic}
   size_t MaxHeapSize                              = 1042284544                                {product} {ergonomic}
   size_t MaxNewSize                               = 624951296                                 {product} {ergonomic}
   size_t MinHeapDeltaBytes                        = 1048576                                   {product} {ergonomic}
   size_t MinHeapSize                              = 8388608                                   {product} {ergonomic}
    uintx NonProfiledCodeHeapSize                  = 0                                      {pd product} {ergonomic}
     bool ProfileInterpreter                       = false                                  {pd product} {command line}
    uintx ProfiledCodeHeapSize                     = 0                                      {pd product} {ergonomic}
   size_t SoftMaxHeapSize                          = 1042284544                             {manageable} {ergonomic}
     intx TieredStopAtLevel                        = 1                                         {product} {command line}
     bool UseCompressedClassPointers               = true                           {product lp64_product} {ergonomic}
     bool UseCompressedOops                        = true                           {product lp64_product} {ergonomic}
     bool UseG1GC                                  = true                                      {product} {ergonomic}
     bool UseLargePagesIndividualAllocation        = false                                  {pd product} {ergonomic}

Logging:
Log output configuration:
 #0: stdout all=warning uptime,level,tags
 #1: stderr all=off uptime,level,tags

Environment Variables:
JAVA_HOME=C:\Program Files\Java\jdk-11.0.14
PATH=C:\Program Files\Common Files\Oracle\Java\javapath;C:\Windows\system32;C:\Windows;C:\Windows\System32\Wbem;C:\Windows\System32\WindowsPowerShell\v1.0\;C:\Windows\System32\OpenSSH\;C:\Program Files\PuTTY\;C:\Program Files\Git\cmd;C:\Program Files\Docker\Docker\resources\bin;C:\ProgramData\DockerDesktop\version-bin;C:\apache-maven-3.8.5\bin;C:\Users\Administrator\AppData\Local\Microsoft\WindowsApps;C:\Users\Administrator\AppData\Local\Programs\Microsoft VS Code\bin;
USERNAME=Administrator
OS=Windows_NT
PROCESSOR_IDENTIFIER=Intel64 Family 6 Model 142 Stepping 9, GenuineIntel



---------------  S Y S T E M  ---------------

OS:
 Windows 11 , 64 bit Build 22000 (10.0.22000.318)
OS uptime: 0 days 5:14 hours
Hyper-V role detected

CPU: total 4 (initial active 4) (2 cores per cpu, 2 threads per core) family 6 model 142 stepping 9 microcode 0xde, cx8, cmov, fxsr, ht, mmx, 3dnowpref, sse, sse2, sse3, ssse3, sse4.1, sse4.2, popcnt, lzcnt, tsc, tscinvbit, avx, avx2, aes, erms, clmul, bmi1, bmi2, adx, fma, vzeroupper, clflush, clflushopt, hv

Memory: 4k page, system-wide physical 3975M (398M free)
TotalPageFile size 7975M (AvailPageFile size 3M)
current process WorkingSet (physical memory assigned to process): 74M, peak: 141M
current process commit charge ("private bytes"): 169M, peak: 171M

vm_info: OpenJDK 64-Bit Server VM (17.0.2+8) for windows-amd64 JRE (17.0.2+8), built on Jan 20 2022 04:52:34 by "" with MS VC++ 16.7 (VS2019)

END.
